<?xml version="1.0" encoding="UTF-8"?>
<!-- Generated by org.testng.reporters.JUnitXMLReporter -->
<testsuite hostname="MACLTUS66713" name="Default test" tests="5" failures="0" timestamp="25 Feb 2021 18:31:35 GMT" time="36.973" errors="0">
  <testcase name="incomplete_form_issues_error" time="0.891" classname="seleniumgenc.SeleniumPracticeTekstacShopifyTests"/>
  <testcase name="incomplete_form_issues_error" time="0.782" classname="seleniumgenc.SeleniumPracticeTekstacShopifyTests"/>
  <testcase name="incomplete_form_issues_error" time="0.817" classname="seleniumgenc.SeleniumPracticeTekstacShopifyTests"/>
  <testcase name="incomplete_form_issues_error" time="0.803" classname="seleniumgenc.SeleniumPracticeTekstacShopifyTests"/>
  <testcase name="incomplete_form_issues_error" time="0.82" classname="seleniumgenc.SeleniumPracticeTekstacShopifyTests"/>
</testsuite> <!-- Default test -->
